<?xml version="1.0" encoding="UTF-8" ?>
<testsuite tests="1" failures="1" name="SeleniumTest" time="1.596" errors="0" skipped="0">
  <properties>
[...]
</properties>
  <testcase classname="SeleniumTest" name="chromeOpenTest" time="1.596">
    <failure message="session not created: This version of ChromeDriver only supports Chrome version 75
Build info: version: &apos;3.141.59&apos;, revision: &apos;e82be7d358&apos;, time: &apos;2018-11-14T08:17:03&apos;
System info: host: &apos;ADMIN-KOMPUTER&apos;, ip: &apos;192.168.0.164&apos;, os.name: &apos;Windows 10&apos;, os.arch: &apos;amd64&apos;, os.version: &apos;10.0&apos;, java.version: &apos;11.0.1&apos;
Driver info: driver.version: ChromeDriver
remote stacktrace: Backtrace:
	Ordinal0 [0x01021B43+1448771]
	Ordinal0 [0x00FA5A31+940593]
	Ordinal0 [0x00F32293+467603]
	Ordinal0 [0x00ECF27E+62078]
	Ordinal0 [0x00ECBBBD+48061]
	Ordinal0 [0x00EE8D09+167177]
	Ordinal0 [0x00EE88DD+166109]
	Ordinal0 [0x00EE6FEB+159723]
	Ordinal0 [0x00ED09F6+68086]
	Ordinal0 [0x00ED1990+72080]
	Ordinal0 [0x00ED1929+71977]
	GetHandleVerifier [0x01162E8C+1172172]
	GetHandleVerifier [0x010BFE55+504469]
	GetHandleVerifier [0x010BFBF0+503856]
	Ordinal0 [0x0102C9C8+1493448]
	GetHandleVerifier [0x010C062A+506474]
	Ordinal0 [0x00FB7156+1012054]
	Ordinal0 [0x00FB6FCF+1011663]
	Ordinal0 [0x00FC135B+1053531]
	Ordinal0 [0x00FC14C3+1053891]
	Ordinal0 [0x00FC04F5+1049845]
	BaseThreadInitThunk [0x75D96359+25]
	RtlGetAppContainerNamedObjectPath [0x77B47B74+228]
	RtlGetAppContainerNamedObjectPath [0x77B47B44+180]
" type="org.openqa.selenium.SessionNotCreatedException">org.openqa.selenium.SessionNotCreatedException: session not created: This version of ChromeDriver only supports Chrome version 75
Build info: version: &apos;3.141.59&apos;, revision: &apos;e82be7d358&apos;, time: &apos;2018-11-14T08:17:03&apos;
System info: host: &apos;ADMIN-KOMPUTER&apos;, ip: &apos;192.168.0.164&apos;, os.name: &apos;Windows 10&apos;, os.arch: &apos;amd64&apos;, os.version: &apos;10.0&apos;, java.version: &apos;11.0.1&apos;
Driver info: driver.version: ChromeDriver
remote stacktrace: Backtrace:
	Ordinal0 [0x01021B43+1448771]
	Ordinal0 [0x00FA5A31+940593]
	Ordinal0 [0x00F32293+467603]
	Ordinal0 [0x00ECF27E+62078]
	Ordinal0 [0x00ECBBBD+48061]
	Ordinal0 [0x00EE8D09+167177]
	Ordinal0 [0x00EE88DD+166109]
	Ordinal0 [0x00EE6FEB+159723]
	Ordinal0 [0x00ED09F6+68086]
	Ordinal0 [0x00ED1990+72080]
	Ordinal0 [0x00ED1929+71977]
	GetHandleVerifier [0x01162E8C+1172172]
	GetHandleVerifier [0x010BFE55+504469]
	GetHandleVerifier [0x010BFBF0+503856]
	Ordinal0 [0x0102C9C8+1493448]
	GetHandleVerifier [0x010C062A+506474]
	Ordinal0 [0x00FB7156+1012054]
	Ordinal0 [0x00FB6FCF+1011663]
	Ordinal0 [0x00FC135B+1053531]
	Ordinal0 [0x00FC14C3+1053891]
	Ordinal0 [0x00FC04F5+1049845]
	BaseThreadInitThunk [0x75D96359+25]
	RtlGetAppContainerNamedObjectPath [0x77B47B74+228]
	RtlGetAppContainerNamedObjectPath [0x77B47B44+180]

	at java.base/jdk.internal.reflect.NativeConstructorAccessorImpl.newInstance0(Native Method)
	at java.base/jdk.internal.reflect.NativeConstructorAccessorImpl.newInstance(NativeConstructorAccessorImpl.java:62)
	at java.base/jdk.internal.reflect.DelegatingConstructorAccessorImpl.newInstance(DelegatingConstructorAccessorImpl.java:45)
	at java.base/java.lang.reflect.Constructor.newInstance(Constructor.java:490)
	at org.openqa.selenium.remote.W3CHandshakeResponse.lambda$errorHandler$0(W3CHandshakeResponse.java:62)
	at org.openqa.selenium.remote.HandshakeResponse.lambda$getResponseFunction$0(HandshakeResponse.java:30)
	at org.openqa.selenium.remote.ProtocolHandshake.lambda$createSession$0(ProtocolHandshake.java:126)
	at java.base/java.util.stream.ReferencePipeline$3$1.accept(ReferencePipeline.java:195)
	at java.base/java.util.Spliterators$ArraySpliterator.tryAdvance(Spliterators.java:958)
	at java.base/java.util.stream.ReferencePipeline.forEachWithCancel(ReferencePipeline.java:127)
	at java.base/java.util.stream.AbstractPipeline.copyIntoWithCancel(AbstractPipeline.java:502)
	at java.base/java.util.stream.AbstractPipeline.copyInto(AbstractPipeline.java:488)
	at java.base/java.util.stream.AbstractPipeline.wrapAndCopyInto(AbstractPipeline.java:474)
	at java.base/java.util.stream.FindOps$FindOp.evaluateSequential(FindOps.java:150)
	at java.base/java.util.stream.AbstractPipeline.evaluate(AbstractPipeline.java:234)
	at java.base/java.util.stream.ReferencePipeline.findFirst(ReferencePipeline.java:543)
	at org.openqa.selenium.remote.ProtocolHandshake.createSession(ProtocolHandshake.java:128)
	at org.openqa.selenium.remote.ProtocolHandshake.createSession(ProtocolHandshake.java:74)
	at org.openqa.selenium.remote.HttpCommandExecutor.execute(HttpCommandExecutor.java:136)
	at org.openqa.selenium.remote.service.DriverCommandExecutor.execute(DriverCommandExecutor.java:83)
	at org.openqa.selenium.remote.RemoteWebDriver.execute(RemoteWebDriver.java:552)
	at org.openqa.selenium.remote.RemoteWebDriver.startSession(RemoteWebDriver.java:213)
	at org.openqa.selenium.remote.RemoteWebDriver.&lt;init&gt;(RemoteWebDriver.java:131)
	at org.openqa.selenium.chrome.ChromeDriver.&lt;init&gt;(ChromeDriver.java:181)
	at org.openqa.selenium.chrome.ChromeDriver.&lt;init&gt;(ChromeDriver.java:168)
	at org.openqa.selenium.chrome.ChromeDriver.&lt;init&gt;(ChromeDriver.java:123)
	at SeleniumTest.chromeOpenTest(SeleniumTest.java:14)
</failure>
    <system-out>Configuring TestNG with: org.apache.maven.surefire.testng.conf.TestNG652Configurator@6e6c3152
</system-out>
    <system-err>Starting ChromeDriver 75.0.3770.140 (2d9f97485c7b07dc18a74666574f19176731995c-refs/branch-heads/3770@{#1155}) on port 44029
Only local connections are allowed.
Please protect ports used by ChromeDriver and related test frameworks to prevent access by malicious code.
</system-err>
  </testcase>
</testsuite>